Change Component Designator: Old Designator=C1 New Designator=C8
Change Component Designator: Old Designator=C2 New Designator=C9
Change Component Designator: Old Designator=C3 New Designator=C1
Change Component Designator: Old Designator=C5 New Designator=C7
Change Component Designator: Old Designator=C6 New Designator=C13
Change Component Designator: Old Designator=C7 New Designator=C10
Change Component Designator: Old Designator=C8 New Designator=C11
Change Component Designator: Old Designator=C9 New Designator=C12
Change Component Designator: Old Designator=C10 New Designator=C2
Change Component Designator: Old Designator=C11 New Designator=C3
Change Component Designator: Old Designator=C12 New Designator=C5
Change Component Designator: Old Designator=C13 New Designator=C6
Change Component Designator: Old Designator=D1 New Designator=D4
Change Component Designator: Old Designator=D2 New Designator=D3
Change Component Designator: Old Designator=D3 New Designator=D1
Change Component Designator: Old Designator=D4 New Designator=D2
Change Component Designator: Old Designator=J2 New Designator=J5
Change Component Designator: Old Designator=j3 New Designator=j2
Change Component Designator: Old Designator=j4 New Designator=j7
Change Component Designator: Old Designator=J5 New Designator=J6
Change Component Designator: Old Designator=j6 New Designator=j3
Change Component Designator: Old Designator=J7 New Designator=J4
Change Component Designator: Old Designator=R1 New Designator=R2
Change Component Designator: Old Designator=R2 New Designator=R1
Change Component Designator: Old Designator=R3 New Designator=R5
Change Component Designator: Old Designator=R4 New Designator=R3
Change Component Designator: Old Designator=R5 New Designator=R4
